#-----------------------------------------------------------
# Vivado v2018.3 (64-bit)
# SW Build 2405991 on Thu Dec  6 23:38:27 MST 2018
# IP Build 2404404 on Fri Dec  7 01:43:56 MST 2018
# Start of session at: Sat Nov 30 19:27:33 2019
# Process ID: 18368
# Current directory: C:/Users/maade/Desktop/ECE 410 LAB/LAB 3/MadeehaReq1_2 _V0/LAB3PART5-6
# Command line: vivado.exe -gui_launcher_event rodinguilauncherevent19132 C:\Users\maade\Desktop\ECE 410 LAB\LAB 3\MadeehaReq1_2 _V0\LAB3PART5-6\traffic_intersection.xpr
# Log file: C:/Users/maade/Desktop/ECE 410 LAB/LAB 3/MadeehaReq1_2 _V0/LAB3PART5-6/vivado.log
# Journal file: C:/Users/maade/Desktop/ECE 410 LAB/LAB 3/MadeehaReq1_2 _V0/LAB3PART5-6\vivado.jou
#-----------------------------------------------------------
start_guopopen_project {C:/Users/maade/Desktop/ECE 410 LAB/LAB 3/MadeehaReq1_2 _V0/LAB3PART5-6/traffic_intersection.xpr}
INFO: [Project 1-313] Project file moved from 'C:/Users/maade/Desktop/ECE 410 LAB/LAB 3/MadeehaReq1_2 _V0/LAB 3' since last save.
Scanning sources...
Finished scanning sources
INFO: [IP_Flow 19-234] Refreshing IP repositories
INFO: [IP_Flow 19-1704] No user IP repositories specified
INFO: [IP_Flow 19-2313] Loaded Vivado IP repository 'C:/Xilinx/Vivado/2018.3/data/ip'opopen_project: Time (s): cpu = 00:00:24 ; elapsed = 00:00:13 . Memory (MB): peak = 775.426 ; gain = 164.05exit
INFO: [Common 17-206] Exiting Vivado at Sat Nov 30 20:39:42 2019...
.
