#-----------------------------------------------------------
# Vivado v2018.3 (64-bit)
# SW Build 2405991 on Thu Dec  6 23:38:27 MST 2018
# IP Build 2404404 on Fri Dec  7 01:43:56 MST 2018
# Start of session at: Mon Dec  2 14:43:10 2019
# Process ID: 1400
# Current directory: E:/MadeehaReq5_6
# Command line: vivado.exe -gui_launcher_event rodinguilauncherevent8944 E:\MadeehaReq5_6\traffic_intersection.xpr
# Log file: E:/MadeehaReq5_6/vivado.log
# Journal file: E:/MadeehaReq5_6\vivado.jou
#-----------------------------------------------------------
start_gui
open_project E:/MadeehaReq5_6/traffic_intersection.xpr
CRITICAL WARNING: [Project 1-19] Could not find the file 'E:/../../clock_divider.vhd'.
Scanning sources...
Finished scanning sources
INFO: [IP_Flow 19-234] Refreshing IP repositories
INFO: [IP_Flow 19-1704] No user IP repositories specified
INFO: [IP_Flow 19-2313] Loaded Vivado IP repository 'C:/Xilinx/Vivado/2018.3/data/ip'.
open_project: Time (s): cpu = 00:00:13 ; elapsed = 00:00:06 . Memory (MB): peak = 716.008 ; gain = 102.234
reset_run synth_1
launch_runs synth_1 -jobs 4
[Mon Dec  2 14:44:04 2019] Launched synth_1...
Run output will be captured here: E:/MadeehaReq5_6/traffic_intersection.runs/synth_1/runme.log
launch_runs impl_1 -jobs 4
[Mon Dec  2 14:47:26 2019] Launched impl_1...
Run output will be captured here: E:/MadeehaReq5_6/traffic_intersection.runs/impl_1/runme.log
launch_runs impl_1 -to_step write_bitstream -jobs 4
[Mon Dec  2 14:48:39 2019] Launched impl_1...
Run output will be captured here: E:/MadeehaReq5_6/traffic_intersection.runs/impl_1/runme.log
open_hw
connect_hw_server
INFO: [Labtools 27-2285] Connecting to hw_server url TCP:localhost:3121
INFO: [Labtools 27-2222] Launching hw_server...
INFO: [Labtools 27-2221] Launch Output:

****** Xilinx hw_server v2018.3
  **** Build date : Dec  7 2018-00:40:27
    ** Copyright 1986-2018 Xilinx, Inc. All Rights Reserved.


open_hw_target
INFO: [Labtoolstcl 44-466] Opening hw_target localhost:3121/xilinx_tcf/Digilent/210351A77AD3A
open_hw_target: Time (s): cpu = 00:00:03 ; elapsed = 00:00:06 . Memory (MB): peak = 1678.719 ; gain = 836.148
set_property PROGRAM.FILE {E:/MadeehaReq5_6/traffic_intersection.runs/impl_1/traffic_intersection.bit} [get_hw_devices xc7z010_1]
current_hw_device [get_hw_devices xc7z010_1]
refresh_hw_device -update_hw_probes false [lindex [get_hw_devices xc7z010_1] 0]
INFO: [Labtools 27-1434] Device xc7z010 (JTAG device index = 1) is programmed with a design that has no supported debug core(s) in it.
set_property PROBES.FILE {} [get_hw_devices xc7z010_1]
set_property FULL_PROBES.FILE {} [get_hw_devices xc7z010_1]
set_property PROGRAM.FILE {E:/MadeehaReq5_6/traffic_intersection.runs/impl_1/traffic_intersection.bit} [get_hw_devices xc7z010_1]
program_hw_devices [get_hw_devices xc7z010_1]
INFO: [Labtools 27-3164] End of startup status: HIGH
refresh_hw_device [lindex [get_hw_devices xc7z010_1] 0]
INFO: [Labtools 27-1434] Device xc7z010 (JTAG device index = 1) is programmed with a design that has no supported debug core(s) in it.
exit
INFO: [Common 17-206] Exiting Vivado at Mon Dec  2 15:12:23 2019...
